<?xml version="1.0" encoding="UTF-8"?>
<!-- Generated by org.testng.reporters.JUnitReportReporter -->
<testsuite hostname="PRASADREDDY143" failures="0" tests="1" name="com.hrms.testscripts.Tc004" time="6.371" errors="0" timestamp="3 Apr 2023 03:59:10 GMT">
  <testcase classname="com.hrms.testscripts.Tc004" name="tc001" time="6.371"/>
</testsuite> <!-- com.hrms.testscripts.Tc004 -->
