<?xml version="1.0" encoding="UTF-8"?>
<!-- Generated by org.testng.reporters.JUnitReportReporter -->
<testsuite hostname="PRASADREDDY143" failures="0" tests="1" name="com.hrms.testscripts.Tc002" time="8.092" errors="0" timestamp="1 Apr 2023 09:16:11 GMT">
  <testcase classname="com.hrms.testscripts.Tc002" name="tc001" time="8.092"/>
</testsuite> <!-- com.hrms.testscripts.Tc002 -->
